<?xml version="1.0" encoding="UTF-8"?>
<!-- Generated by org.testng.reporters.JUnitReportReporter -->
<testsuite hostname="DivyaSri" failures="0" tests="10" name="com.table.cases.Testcase" time="22.252" errors="0" timestamp="2023-07-06T18:18:13 IST" skipped="1">
  <testcase classname="com.table.cases.Testcase" name="testcae" time="6.081"/>
  <testcase classname="com.table.cases.Testcase" name="testcase1" time="0.000"/>
  <testcase classname="com.table.cases.Testcase" name="testcase1" time="0.000"/>
  <testcase classname="com.table.cases.Testcase" name="testcase2" time="0.011"/>
  <testcase classname="com.table.cases.Testcase" name="testcae" time="5.721"/>
  <testcase classname="com.table.cases.Testcase" name="testcase1" time="0.000"/>
  <testcase classname="com.table.cases.Testcase" name="testcase1" time="0.000"/>
  <testcase classname="com.table.cases.Testcase" name="testcase1" time="0.008"/>
  <testcase classname="com.table.cases.Testcase" name="testcae" time="10.431"/>
  <testcase classname="com.table.cases.Testcase" name="testcase3">
    <skipped/>
  </testcase> <!-- testcase3 -->
</testsuite> <!-- com.table.cases.Testcase -->
