<?xml version="1.0" encoding="UTF-8"?>
<!-- Generated by org.testng.reporters.JUnitReportReporter -->
<testsuite hostname="DivyaSri" failures="0" tests="7" name="com.table.cases.Testcase2" time="0.012" errors="0" timestamp="2023-07-06T17:41:57 IST" skipped="1">
  <testcase classname="com.table.cases.Testcase2" name="testcase1" time="0.001"/>
  <testcase classname="com.table.cases.Testcase2" name="testcase1" time="0.002"/>
  <testcase classname="com.table.cases.Testcase2" name="testcase2" time="0.004"/>
  <testcase classname="com.table.cases.Testcase2" name="testcase1" time="0.002"/>
  <testcase classname="com.table.cases.Testcase2" name="testcase1" time="0.002"/>
  <testcase classname="com.table.cases.Testcase2" name="testcase1" time="0.001"/>
  <testcase classname="com.table.cases.Testcase2" name="testcase3">
    <skipped/>
  </testcase> <!-- testcase3 -->
</testsuite> <!-- com.table.cases.Testcase2 -->
