<?xml version="1.0" encoding="UTF-8"?>
<!-- Generated by org.testng.reporters.JUnitReportReporter -->
<testsuite hostname="DivyaSri" failures="0" tests="7" name="Testcase" time="0.015" errors="0" timestamp="2023-07-06T16:23:19 IST" skipped="1">
  <testcase classname="Testcase" name="testcase2" time="0.001"/>
  <testcase classname="Testcase" name="testcase1" time="0.002"/>
  <testcase classname="Testcase" name="testcase1" time="0.001"/>
  <testcase classname="Testcase" name="testcase1" time="0.003"/>
  <testcase classname="Testcase" name="testcase1" time="0.005"/>
  <testcase classname="Testcase" name="testcase1" time="0.003"/>
  <testcase classname="Testcase" name="testcase3">
    <skipped/>
  </testcase> <!-- testcase3 -->
</testsuite> <!-- Testcase -->
